<?xml version="1.0" encoding="UTF-8"?>
<!-- Generated by org.testng.reporters.JUnitXMLReporter -->
<testsuite ignored="5" hostname="Priti" failures="0" tests="4" name="Default test(failed)" time="44.486" errors="0" timestamp="2023-12-25T15:50:47 IST">
  <testcase classname="testCases.Inventory_Page_Test" name="verifyProductLableTest" time="1.351"/>
  <testcase classname="testCases.Inventory_Page_Test" name="add6ProductTest" time="2.755"/>
  <testcase classname="testCases.LoginPageTest" name="verifyTitleOfApplication" time="0.037"/>
  <testcase classname="testCases.LoginPageTest" name="verifyURLofApplication" time="0.079"/>
  <testcase classname="testCases.Inventory_Page_Test" name="verifyLinkedInLogoTest" time="0.0">
    <ignored/>
  </testcase> <!-- verifyLinkedInLogoTest -->
  <testcase classname="testCases.LoginPageTest" name="loginToApplication" time="0.0">
    <ignored/>
  </testcase> <!-- loginToApplication -->
  <testcase classname="testCases.Inventory_Page_Test" name="verifyFacebookLogoTest" time="0.0">
    <ignored/>
  </testcase> <!-- verifyFacebookLogoTest -->
  <testcase classname="testCases.Inventory_Page_Test" name="verifyTwitterLogoTest" time="0.0">
    <ignored/>
  </testcase> <!-- verifyTwitterLogoTest -->
  <testcase classname="testCases.Inventory_Page_Test" name="remove2ProductTest" time="0.0">
    <ignored/>
  </testcase> <!-- remove2ProductTest -->
</testsuite> <!-- Default test(failed) -->
