<?xml version="1.0" encoding="UTF-8"?>
<testng-results ignored="11" total="29" passed="18" failed="0" skipped="0">
  <reporter-output>
    <line>
      <![CDATA[Currrent Page Lable of Cart Page = Your Cart]]>
    </line>
    <line>
      <![CDATA[Presence of ProductLable = Products]]>
    </line>
    <line>
      <![CDATA[Visibility of TwitterLogo = true]]>
    </line>
    <line>
      <![CDATA[Visibility of FacebookLogo = true]]>
    </line>
    <line>
      <![CDATA[Visibility of LinkedInLogo = true]]>
    </line>
    <line>
      <![CDATA[After InputInfo CheckOut_1_Page should be come  =  https://www.saucedemo.com/checkout-step-two.html]]>
    </line>
    <line>
      <![CDATA[Presence CheckOut_1_Page Lable = Checkout: Your Information]]>
    </line>
    <line>
      <![CDATA[Presence of Payment Information Text = Payment Information]]>
    </line>
    <line>
      <![CDATA[Presence of Sauce Card Text = SauceCard #31337]]>
    </line>
    <line>
      <![CDATA[Presence of Shipping Infornmation Text = Shipping Information]]>
    </line>
    <line>
      <![CDATA[Presence of Free Pony Express Text = Free Pony Express Delivery!]]>
    </line>
    <line>
      <![CDATA[Presence of Price Total Text = Price Total]]>
    </line>
    <line>
      <![CDATA[Presence of Item Total Text = Item total: $129.94]]>
    </line>
    <line>
      <![CDATA[Presence CheckOut_2_Page Lable = Checkout: Overview]]>
    </line>
    <line>
      <![CDATA[Visibility of CheckOut_2_Page Logo =  true]]>
    </line>
    <line>
      <![CDATA[Presence of Tax Text = Tax: $10.40]]>
    </line>
    <line>
      <![CDATA[Presence of Total Text = Total: $140.34]]>
    </line>
  </reporter-output>
  <suite started-at="2023-12-30T01:21:08 IST" name="Sanity_Retesting_Regression" finished-at="2023-12-30T01:25:13 IST" duration-ms="244136">
    <groups>
      <group name="Sanity">
        <method signature="CheckOutPage_1_Test.verifyCheckOutPage_1_LableTest()[pri:4, instance:testCases.CheckOutPage_1_Test@7c37508a]" name="verifyCheckOutPage_1_LableTest" class="testCases.CheckOutPage_1_Test"/>
      </group> <!-- Sanity -->
      <group name="Retesting">
        <method signature="CheckOutPage_2_Test.verifyPaymentInformationTest()[pri:1, instance:testCases.CheckOutPage_2_Test@247310d0]" name="verifyPaymentInformationTest" class="testCases.CheckOutPage_2_Test"/>
        <method signature="LoginPageTest.verifyTitleOfApplicationTest()[pri:1, instance:testCases.LoginPageTest@7188af83]" name="verifyTitleOfApplicationTest" class="testCases.LoginPageTest"/>
        <method signature="CheckOutPage_1_Test.inputInfoTest()[pri:2, instance:testCases.CheckOutPage_1_Test@7c37508a]" name="inputInfoTest" class="testCases.CheckOutPage_1_Test"/>
        <method signature="CheckOutPage_2_Test.verifySauceCardTextTest()[pri:2, instance:testCases.CheckOutPage_2_Test@247310d0]" name="verifySauceCardTextTest" class="testCases.CheckOutPage_2_Test"/>
        <method signature="CheckOutPage_2_Test.verifyShippingInformationTextTest()[pri:3, instance:testCases.CheckOutPage_2_Test@247310d0]" name="verifyShippingInformationTextTest" class="testCases.CheckOutPage_2_Test"/>
        <method signature="Inventory_Page_Test.verifyProductLableTest()[pri:3, instance:testCases.Inventory_Page_Test@6be968ce]" name="verifyProductLableTest" class="testCases.Inventory_Page_Test"/>
        <method signature="Cart_Page_Test.verifyCartPageLableTest()[pri:4, instance:testCases.Cart_Page_Test@909217e]" name="verifyCartPageLableTest" class="testCases.Cart_Page_Test"/>
        <method signature="CheckOutPage_1_Test.verifyCheckOutPage_1_LableTest()[pri:4, instance:testCases.CheckOutPage_1_Test@7c37508a]" name="verifyCheckOutPage_1_LableTest" class="testCases.CheckOutPage_1_Test"/>
        <method signature="CheckOutPage_2_Test.verifyFreePonyExpressTextTest()[pri:4, instance:testCases.CheckOutPage_2_Test@247310d0]" name="verifyFreePonyExpressTextTest" class="testCases.CheckOutPage_2_Test"/>
        <method signature="Inventory_Page_Test.verifyTwitterLogoTest()[pri:4, instance:testCases.Inventory_Page_Test@6be968ce]" name="verifyTwitterLogoTest" class="testCases.Inventory_Page_Test"/>
        <method signature="CheckOutPage_2_Test.verifyPriceTotalTextTest()[pri:5, instance:testCases.CheckOutPage_2_Test@247310d0]" name="verifyPriceTotalTextTest" class="testCases.CheckOutPage_2_Test"/>
        <method signature="Inventory_Page_Test.verifyFacebookLogoTest()[pri:5, instance:testCases.Inventory_Page_Test@6be968ce]" name="verifyFacebookLogoTest" class="testCases.Inventory_Page_Test"/>
        <method signature="CheckOutPage_2_Test.verifyItemTotalTextTest()[pri:6, instance:testCases.CheckOutPage_2_Test@247310d0]" name="verifyItemTotalTextTest" class="testCases.CheckOutPage_2_Test"/>
        <method signature="Inventory_Page_Test.verifyLinkedInLogoTest()[pri:6, instance:testCases.Inventory_Page_Test@6be968ce]" name="verifyLinkedInLogoTest" class="testCases.Inventory_Page_Test"/>
        <method signature="CheckOutPage_2_Test.verifyCheckOutPage_2_LableTest()[pri:7, instance:testCases.CheckOutPage_2_Test@247310d0]" name="verifyCheckOutPage_2_LableTest" class="testCases.CheckOutPage_2_Test"/>
        <method signature="CheckOutPage_2_Test.verifyCheckOutPage_2_LogoTest()[pri:8, instance:testCases.CheckOutPage_2_Test@247310d0]" name="verifyCheckOutPage_2_LogoTest" class="testCases.CheckOutPage_2_Test"/>
        <method signature="CheckOutPage_2_Test.verifyTaxTextTest()[pri:9, instance:testCases.CheckOutPage_2_Test@247310d0]" name="verifyTaxTextTest" class="testCases.CheckOutPage_2_Test"/>
        <method signature="CheckOutPage_2_Test.verifyTotalTextTest()[pri:10, instance:testCases.CheckOutPage_2_Test@247310d0]" name="verifyTotalTextTest" class="testCases.CheckOutPage_2_Test"/>
      </group> <!-- Retesting -->
      <group name="Regression">
        <method signature="CheckOutPage_1_Test.inputInfoTest()[pri:2, instance:testCases.CheckOutPage_1_Test@7c37508a]" name="inputInfoTest" class="testCases.CheckOutPage_1_Test"/>
      </group> <!-- Regression -->
    </groups>
    <test started-at="2023-12-30T01:21:08 IST" name="Sanity_Retesting_Regression" finished-at="2023-12-30T01:25:13 IST" duration-ms="244136">
      <class name="testCases.Cart_Page_Test">
        <test-method is-config="true" signature="setUp()[pri:0, instance:testCases.Cart_Page_Test@909217e]" started-at="2023-12-30T01:21:09 IST" name="setUp" finished-at="2023-12-30T01:21:26 IST" duration-ms="17800" status="PASS">
          <reporter-output>
          </reporter-output>
        </test-method> <!-- setUp -->
        <test-method signature="verifyCartPageLableTest()[pri:4, instance:testCases.Cart_Page_Test@909217e]" started-at="2023-12-30T01:21:26 IST" name="verifyCartPageLableTest" finished-at="2023-12-30T01:21:28 IST" duration-ms="1398" status="PASS">
          <reporter-output>
            <line>
              <![CDATA[Currrent Page Lable of Cart Page = Your Cart]]>
            </line>
          </reporter-output>
        </test-method> <!-- verifyCartPageLableTest -->
        <test-method is-config="true" signature="closeBrowser(org.testng.ITestResult)[pri:0, instance:testCases.Cart_Page_Test@909217e]" started-at="2023-12-30T01:21:28 IST" name="closeBrowser" finished-at="2023-12-30T01:21:28 IST" duration-ms="178" status="PASS">
          <params>
            <param index="0">
              <value>
                <![CDATA[[TestResult name=verifyCartPageLableTest status=SUCCESS method=Cart_Page_Test.verifyCartPageLableTest()[pri:4, instance:testCases.Cart_Page_Test@909217e] output=Currrent Page Lable of Cart Page = Your Cart]]]>
              </value>
            </param>
          </params>
          <reporter-output>
          </reporter-output>
        </test-method> <!-- closeBrowser -->
      </class> <!-- testCases.Cart_Page_Test -->
      <class name="testCases.LoginPageTest">
        <test-method is-config="true" signature="setUp()[pri:0, instance:testCases.LoginPageTest@7188af83]" started-at="2023-12-30T01:21:28 IST" name="setUp" finished-at="2023-12-30T01:21:37 IST" duration-ms="8973" status="PASS">
          <reporter-output>
          </reporter-output>
        </test-method> <!-- setUp -->
        <test-method signature="verifyTitleOfApplicationTest()[pri:1, instance:testCases.LoginPageTest@7188af83]" started-at="2023-12-30T01:21:37 IST" name="verifyTitleOfApplicationTest" finished-at="2023-12-30T01:21:37 IST" duration-ms="90" status="PASS">
          <reporter-output>
          </reporter-output>
        </test-method> <!-- verifyTitleOfApplicationTest -->
        <test-method is-config="true" signature="closeBrowser(org.testng.ITestResult)[pri:0, instance:testCases.LoginPageTest@7188af83]" started-at="2023-12-30T01:21:37 IST" name="closeBrowser" finished-at="2023-12-30T01:21:37 IST" duration-ms="196" status="PASS">
          <params>
            <param index="0">
              <value>
                <![CDATA[[TestResult name=verifyTitleOfApplicationTest status=SUCCESS method=LoginPageTest.verifyTitleOfApplicationTest()[pri:1, instance:testCases.LoginPageTest@7188af83] output={null}]]]>
              </value>
            </param>
          </params>
          <reporter-output>
          </reporter-output>
        </test-method> <!-- closeBrowser -->
      </class> <!-- testCases.LoginPageTest -->
      <class name="testCases.CheckOutPage_1_Test">
        <test-method is-config="true" signature="setUp()[pri:0, instance:testCases.CheckOutPage_1_Test@7c37508a]" started-at="2023-12-30T01:22:12 IST" name="setUp" finished-at="2023-12-30T01:22:22 IST" duration-ms="10299" status="PASS">
          <reporter-output>
          </reporter-output>
        </test-method> <!-- setUp -->
        <test-method signature="inputInfoTest()[pri:2, instance:testCases.CheckOutPage_1_Test@7c37508a]" started-at="2023-12-30T01:22:22 IST" name="inputInfoTest" finished-at="2023-12-30T01:22:23 IST" duration-ms="638" status="PASS">
          <reporter-output>
            <line>
              <![CDATA[After InputInfo CheckOut_1_Page should be come  =  https://www.saucedemo.com/checkout-step-two.html]]>
            </line>
          </reporter-output>
        </test-method> <!-- inputInfoTest -->
        <test-method is-config="true" signature="closeBrowser(org.testng.ITestResult)[pri:0, instance:testCases.CheckOutPage_1_Test@7c37508a]" started-at="2023-12-30T01:22:23 IST" name="closeBrowser" finished-at="2023-12-30T01:22:23 IST" duration-ms="174" status="PASS">
          <params>
            <param index="0">
              <value>
                <![CDATA[[TestResult name=inputInfoTest status=SUCCESS method=CheckOutPage_1_Test.inputInfoTest()[pri:2, instance:testCases.CheckOutPage_1_Test@7c37508a] output=After InputInfo CheckOut_1_Page should be come  =  https://www.saucedemo.com/checkout-step-two.html]]]>
              </value>
            </param>
          </params>
          <reporter-output>
          </reporter-output>
        </test-method> <!-- closeBrowser -->
        <test-method is-config="true" signature="setUp()[pri:0, instance:testCases.CheckOutPage_1_Test@7c37508a]" started-at="2023-12-30T01:22:23 IST" name="setUp" finished-at="2023-12-30T01:22:33 IST" duration-ms="10508" status="PASS">
          <reporter-output>
          </reporter-output>
        </test-method> <!-- setUp -->
        <test-method signature="verifyCheckOutPage_1_LableTest()[pri:4, instance:testCases.CheckOutPage_1_Test@7c37508a]" started-at="2023-12-30T01:22:33 IST" name="verifyCheckOutPage_1_LableTest" finished-at="2023-12-30T01:22:33 IST" duration-ms="49" status="PASS">
          <reporter-output>
            <line>
              <![CDATA[Presence CheckOut_1_Page Lable = Checkout: Your Information]]>
            </line>
          </reporter-output>
        </test-method> <!-- verifyCheckOutPage_1_LableTest -->
        <test-method is-config="true" signature="closeBrowser(org.testng.ITestResult)[pri:0, instance:testCases.CheckOutPage_1_Test@7c37508a]" started-at="2023-12-30T01:22:33 IST" name="closeBrowser" finished-at="2023-12-30T01:22:34 IST" duration-ms="179" status="PASS">
          <params>
            <param index="0">
              <value>
                <![CDATA[[TestResult name=verifyCheckOutPage_1_LableTest status=SUCCESS method=CheckOutPage_1_Test.verifyCheckOutPage_1_LableTest()[pri:4, instance:testCases.CheckOutPage_1_Test@7c37508a] output=Presence CheckOut_1_Page Lable = Checkout: Your Information]]]>
              </value>
            </param>
          </params>
          <reporter-output>
          </reporter-output>
        </test-method> <!-- closeBrowser -->
      </class> <!-- testCases.CheckOutPage_1_Test -->
      <class name="testCases.CheckOutPage_2_Test">
        <test-method is-config="true" signature="setUp()[pri:0, instance:testCases.CheckOutPage_2_Test@247310d0]" started-at="2023-12-30T01:22:34 IST" name="setUp" finished-at="2023-12-30T01:22:45 IST" duration-ms="11134" status="PASS">
          <reporter-output>
          </reporter-output>
        </test-method> <!-- setUp -->
        <test-method signature="verifyPaymentInformationTest()[pri:1, instance:testCases.CheckOutPage_2_Test@247310d0]" started-at="2023-12-30T01:22:45 IST" name="verifyPaymentInformationTest" finished-at="2023-12-30T01:22:45 IST" duration-ms="102" status="PASS">
          <reporter-output>
            <line>
              <![CDATA[Presence of Payment Information Text = Payment Information]]>
            </line>
          </reporter-output>
        </test-method> <!-- verifyPaymentInformationTest -->
        <test-method is-config="true" signature="closeBrowser(org.testng.ITestResult)[pri:0, instance:testCases.CheckOutPage_2_Test@247310d0]" started-at="2023-12-30T01:22:45 IST" name="closeBrowser" finished-at="2023-12-30T01:22:45 IST" duration-ms="183" status="PASS">
          <params>
            <param index="0">
              <value>
                <![CDATA[[TestResult name=verifyPaymentInformationTest status=SUCCESS method=CheckOutPage_2_Test.verifyPaymentInformationTest()[pri:1, instance:testCases.CheckOutPage_2_Test@247310d0] output=Presence of Payment Information Text = Payment Information]]]>
              </value>
            </param>
          </params>
          <reporter-output>
          </reporter-output>
        </test-method> <!-- closeBrowser -->
        <test-method is-config="true" signature="setUp()[pri:0, instance:testCases.CheckOutPage_2_Test@247310d0]" started-at="2023-12-30T01:22:45 IST" name="setUp" finished-at="2023-12-30T01:22:55 IST" duration-ms="10220" status="PASS">
          <reporter-output>
          </reporter-output>
        </test-method> <!-- setUp -->
        <test-method signature="verifySauceCardTextTest()[pri:2, instance:testCases.CheckOutPage_2_Test@247310d0]" started-at="2023-12-30T01:22:55 IST" name="verifySauceCardTextTest" finished-at="2023-12-30T01:22:55 IST" duration-ms="53" status="PASS">
          <reporter-output>
            <line>
              <![CDATA[Presence of Sauce Card Text = SauceCard #31337]]>
            </line>
          </reporter-output>
        </test-method> <!-- verifySauceCardTextTest -->
        <test-method is-config="true" signature="closeBrowser(org.testng.ITestResult)[pri:0, instance:testCases.CheckOutPage_2_Test@247310d0]" started-at="2023-12-30T01:22:55 IST" name="closeBrowser" finished-at="2023-12-30T01:22:55 IST" duration-ms="137" status="PASS">
          <params>
            <param index="0">
              <value>
                <![CDATA[[TestResult name=verifySauceCardTextTest status=SUCCESS method=CheckOutPage_2_Test.verifySauceCardTextTest()[pri:2, instance:testCases.CheckOutPage_2_Test@247310d0] output=Presence of Sauce Card Text = SauceCard #31337]]]>
              </value>
            </param>
          </params>
          <reporter-output>
          </reporter-output>
        </test-method> <!-- closeBrowser -->
        <test-method is-config="true" signature="setUp()[pri:0, instance:testCases.CheckOutPage_2_Test@247310d0]" started-at="2023-12-30T01:22:55 IST" name="setUp" finished-at="2023-12-30T01:23:06 IST" duration-ms="10827" status="PASS">
          <reporter-output>
          </reporter-output>
        </test-method> <!-- setUp -->
        <test-method signature="verifyShippingInformationTextTest()[pri:3, instance:testCases.CheckOutPage_2_Test@247310d0]" started-at="2023-12-30T01:23:06 IST" name="verifyShippingInformationTextTest" finished-at="2023-12-30T01:23:06 IST" duration-ms="46" status="PASS">
          <reporter-output>
            <line>
              <![CDATA[Presence of Shipping Infornmation Text = Shipping Information]]>
            </line>
          </reporter-output>
        </test-method> <!-- verifyShippingInformationTextTest -->
        <test-method is-config="true" signature="closeBrowser(org.testng.ITestResult)[pri:0, instance:testCases.CheckOutPage_2_Test@247310d0]" started-at="2023-12-30T01:23:06 IST" name="closeBrowser" finished-at="2023-12-30T01:23:06 IST" duration-ms="126" status="PASS">
          <params>
            <param index="0">
              <value>
                <![CDATA[[TestResult name=verifyShippingInformationTextTest status=SUCCESS method=CheckOutPage_2_Test.verifyShippingInformationTextTest()[pri:3, instance:testCases.CheckOutPage_2_Test@247310d0] output=Presence of Shipping Infornmation Text = Shipping Information]]]>
              </value>
            </param>
          </params>
          <reporter-output>
          </reporter-output>
        </test-method> <!-- closeBrowser -->
        <test-method is-config="true" signature="setUp()[pri:0, instance:testCases.CheckOutPage_2_Test@247310d0]" started-at="2023-12-30T01:23:06 IST" name="setUp" finished-at="2023-12-30T01:23:19 IST" duration-ms="12471" status="PASS">
          <reporter-output>
          </reporter-output>
        </test-method> <!-- setUp -->
        <test-method signature="verifyFreePonyExpressTextTest()[pri:4, instance:testCases.CheckOutPage_2_Test@247310d0]" started-at="2023-12-30T01:23:19 IST" name="verifyFreePonyExpressTextTest" finished-at="2023-12-30T01:23:19 IST" duration-ms="33" status="PASS">
          <reporter-output>
            <line>
              <![CDATA[Presence of Free Pony Express Text = Free Pony Express Delivery!]]>
            </line>
          </reporter-output>
        </test-method> <!-- verifyFreePonyExpressTextTest -->
        <test-method is-config="true" signature="closeBrowser(org.testng.ITestResult)[pri:0, instance:testCases.CheckOutPage_2_Test@247310d0]" started-at="2023-12-30T01:23:19 IST" name="closeBrowser" finished-at="2023-12-30T01:23:19 IST" duration-ms="191" status="PASS">
          <params>
            <param index="0">
              <value>
                <![CDATA[[TestResult name=verifyFreePonyExpressTextTest status=SUCCESS method=CheckOutPage_2_Test.verifyFreePonyExpressTextTest()[pri:4, instance:testCases.CheckOutPage_2_Test@247310d0] output=Presence of Free Pony Express Text = Free Pony Express Delivery!]]]>
              </value>
            </param>
          </params>
          <reporter-output>
          </reporter-output>
        </test-method> <!-- closeBrowser -->
        <test-method is-config="true" signature="setUp()[pri:0, instance:testCases.CheckOutPage_2_Test@247310d0]" started-at="2023-12-30T01:23:19 IST" name="setUp" finished-at="2023-12-30T01:23:30 IST" duration-ms="11064" status="PASS">
          <reporter-output>
          </reporter-output>
        </test-method> <!-- setUp -->
        <test-method signature="verifyPriceTotalTextTest()[pri:5, instance:testCases.CheckOutPage_2_Test@247310d0]" started-at="2023-12-30T01:23:30 IST" name="verifyPriceTotalTextTest" finished-at="2023-12-30T01:23:30 IST" duration-ms="31" status="PASS">
          <reporter-output>
            <line>
              <![CDATA[Presence of Price Total Text = Price Total]]>
            </line>
          </reporter-output>
        </test-method> <!-- verifyPriceTotalTextTest -->
        <test-method is-config="true" signature="closeBrowser(org.testng.ITestResult)[pri:0, instance:testCases.CheckOutPage_2_Test@247310d0]" started-at="2023-12-30T01:23:30 IST" name="closeBrowser" finished-at="2023-12-30T01:23:30 IST" duration-ms="165" status="PASS">
          <params>
            <param index="0">
              <value>
                <![CDATA[[TestResult name=verifyPriceTotalTextTest status=SUCCESS method=CheckOutPage_2_Test.verifyPriceTotalTextTest()[pri:5, instance:testCases.CheckOutPage_2_Test@247310d0] output=Presence of Price Total Text = Price Total]]]>
              </value>
            </param>
          </params>
          <reporter-output>
          </reporter-output>
        </test-method> <!-- closeBrowser -->
        <test-method is-config="true" signature="setUp()[pri:0, instance:testCases.CheckOutPage_2_Test@247310d0]" started-at="2023-12-30T01:23:30 IST" name="setUp" finished-at="2023-12-30T01:23:42 IST" duration-ms="11955" status="PASS">
          <reporter-output>
          </reporter-output>
        </test-method> <!-- setUp -->
        <test-method signature="verifyItemTotalTextTest()[pri:6, instance:testCases.CheckOutPage_2_Test@247310d0]" started-at="2023-12-30T01:23:42 IST" name="verifyItemTotalTextTest" finished-at="2023-12-30T01:23:42 IST" duration-ms="16" status="PASS">
          <reporter-output>
            <line>
              <![CDATA[Presence of Item Total Text = Item total: $129.94]]>
            </line>
          </reporter-output>
        </test-method> <!-- verifyItemTotalTextTest -->
        <test-method is-config="true" signature="closeBrowser(org.testng.ITestResult)[pri:0, instance:testCases.CheckOutPage_2_Test@247310d0]" started-at="2023-12-30T01:23:42 IST" name="closeBrowser" finished-at="2023-12-30T01:23:42 IST" duration-ms="150" status="PASS">
          <params>
            <param index="0">
              <value>
                <![CDATA[[TestResult name=verifyItemTotalTextTest status=SUCCESS method=CheckOutPage_2_Test.verifyItemTotalTextTest()[pri:6, instance:testCases.CheckOutPage_2_Test@247310d0] output=Presence of Item Total Text = Item total: $129.94]]]>
              </value>
            </param>
          </params>
          <reporter-output>
          </reporter-output>
        </test-method> <!-- closeBrowser -->
        <test-method is-config="true" signature="setUp()[pri:0, instance:testCases.CheckOutPage_2_Test@247310d0]" started-at="2023-12-30T01:23:42 IST" name="setUp" finished-at="2023-12-30T01:23:53 IST" duration-ms="10663" status="PASS">
          <reporter-output>
          </reporter-output>
        </test-method> <!-- setUp -->
        <test-method signature="verifyCheckOutPage_2_LableTest()[pri:7, instance:testCases.CheckOutPage_2_Test@247310d0]" started-at="2023-12-30T01:23:53 IST" name="verifyCheckOutPage_2_LableTest" finished-at="2023-12-30T01:23:53 IST" duration-ms="27" status="PASS">
          <reporter-output>
            <line>
              <![CDATA[Presence CheckOut_2_Page Lable = Checkout: Overview]]>
            </line>
          </reporter-output>
        </test-method> <!-- verifyCheckOutPage_2_LableTest -->
        <test-method is-config="true" signature="closeBrowser(org.testng.ITestResult)[pri:0, instance:testCases.CheckOutPage_2_Test@247310d0]" started-at="2023-12-30T01:23:53 IST" name="closeBrowser" finished-at="2023-12-30T01:23:53 IST" duration-ms="130" status="PASS">
          <params>
            <param index="0">
              <value>
                <![CDATA[[TestResult name=verifyCheckOutPage_2_LableTest status=SUCCESS method=CheckOutPage_2_Test.verifyCheckOutPage_2_LableTest()[pri:7, instance:testCases.CheckOutPage_2_Test@247310d0] output=Presence CheckOut_2_Page Lable = Checkout: Overview]]]>
              </value>
            </param>
          </params>
          <reporter-output>
          </reporter-output>
        </test-method> <!-- closeBrowser -->
        <test-method is-config="true" signature="setUp()[pri:0, instance:testCases.CheckOutPage_2_Test@247310d0]" started-at="2023-12-30T01:23:53 IST" name="setUp" finished-at="2023-12-30T01:24:06 IST" duration-ms="12890" status="PASS">
          <reporter-output>
          </reporter-output>
        </test-method> <!-- setUp -->
        <test-method signature="verifyCheckOutPage_2_LogoTest()[pri:8, instance:testCases.CheckOutPage_2_Test@247310d0]" started-at="2023-12-30T01:24:06 IST" name="verifyCheckOutPage_2_LogoTest" finished-at="2023-12-30T01:24:06 IST" duration-ms="18" status="PASS">
          <reporter-output>
            <line>
              <![CDATA[Visibility of CheckOut_2_Page Logo =  true]]>
            </line>
          </reporter-output>
        </test-method> <!-- verifyCheckOutPage_2_LogoTest -->
        <test-method is-config="true" signature="closeBrowser(org.testng.ITestResult)[pri:0, instance:testCases.CheckOutPage_2_Test@247310d0]" started-at="2023-12-30T01:24:06 IST" name="closeBrowser" finished-at="2023-12-30T01:24:06 IST" duration-ms="128" status="PASS">
          <params>
            <param index="0">
              <value>
                <![CDATA[[TestResult name=verifyCheckOutPage_2_LogoTest status=SUCCESS method=CheckOutPage_2_Test.verifyCheckOutPage_2_LogoTest()[pri:8, instance:testCases.CheckOutPage_2_Test@247310d0] output=Visibility of CheckOut_2_Page Logo =  true]]]>
              </value>
            </param>
          </params>
          <reporter-output>
          </reporter-output>
        </test-method> <!-- closeBrowser -->
        <test-method is-config="true" signature="setUp()[pri:0, instance:testCases.CheckOutPage_2_Test@247310d0]" started-at="2023-12-30T01:24:06 IST" name="setUp" finished-at="2023-12-30T01:25:02 IST" duration-ms="55373" status="PASS">
          <reporter-output>
          </reporter-output>
        </test-method> <!-- setUp -->
        <test-method signature="verifyTaxTextTest()[pri:9, instance:testCases.CheckOutPage_2_Test@247310d0]" started-at="2023-12-30T01:25:02 IST" name="verifyTaxTextTest" finished-at="2023-12-30T01:25:02 IST" duration-ms="49" status="PASS">
          <reporter-output>
            <line>
              <![CDATA[Presence of Tax Text = Tax: $10.40]]>
            </line>
          </reporter-output>
        </test-method> <!-- verifyTaxTextTest -->
        <test-method is-config="true" signature="closeBrowser(org.testng.ITestResult)[pri:0, instance:testCases.CheckOutPage_2_Test@247310d0]" started-at="2023-12-30T01:25:02 IST" name="closeBrowser" finished-at="2023-12-30T01:25:02 IST" duration-ms="124" status="PASS">
          <params>
            <param index="0">
              <value>
                <![CDATA[[TestResult name=verifyTaxTextTest status=SUCCESS method=CheckOutPage_2_Test.verifyTaxTextTest()[pri:9, instance:testCases.CheckOutPage_2_Test@247310d0] output=Presence of Tax Text = Tax: $10.40]]]>
              </value>
            </param>
          </params>
          <reporter-output>
          </reporter-output>
        </test-method> <!-- closeBrowser -->
        <test-method is-config="true" signature="setUp()[pri:0, instance:testCases.CheckOutPage_2_Test@247310d0]" started-at="2023-12-30T01:25:02 IST" name="setUp" finished-at="2023-12-30T01:25:12 IST" duration-ms="10608" status="PASS">
          <reporter-output>
          </reporter-output>
        </test-method> <!-- setUp -->
        <test-method signature="verifyTotalTextTest()[pri:10, instance:testCases.CheckOutPage_2_Test@247310d0]" started-at="2023-12-30T01:25:12 IST" name="verifyTotalTextTest" finished-at="2023-12-30T01:25:12 IST" duration-ms="25" status="PASS">
          <reporter-output>
            <line>
              <![CDATA[Presence of Total Text = Total: $140.34]]>
            </line>
          </reporter-output>
        </test-method> <!-- verifyTotalTextTest -->
        <test-method is-config="true" signature="closeBrowser(org.testng.ITestResult)[pri:0, instance:testCases.CheckOutPage_2_Test@247310d0]" started-at="2023-12-30T01:25:12 IST" name="closeBrowser" finished-at="2023-12-30T01:25:13 IST" duration-ms="157" status="PASS">
          <params>
            <param index="0">
              <value>
                <![CDATA[[TestResult name=verifyTotalTextTest status=SUCCESS method=CheckOutPage_2_Test.verifyTotalTextTest()[pri:10, instance:testCases.CheckOutPage_2_Test@247310d0] output=Presence of Total Text = Total: $140.34]]]>
              </value>
            </param>
          </params>
          <reporter-output>
          </reporter-output>
        </test-method> <!-- closeBrowser -->
      </class> <!-- testCases.CheckOutPage_2_Test -->
      <class name="testCases.Inventory_Page_Test">
        <test-method is-config="true" signature="setUp()[pri:0, instance:testCases.Inventory_Page_Test@6be968ce]" started-at="2023-12-30T01:21:37 IST" name="setUp" finished-at="2023-12-30T01:21:46 IST" duration-ms="8641" status="PASS">
          <reporter-output>
          </reporter-output>
        </test-method> <!-- setUp -->
        <test-method signature="verifyProductLableTest()[pri:3, instance:testCases.Inventory_Page_Test@6be968ce]" started-at="2023-12-30T01:21:46 IST" name="verifyProductLableTest" finished-at="2023-12-30T01:21:46 IST" duration-ms="176" status="PASS">
          <reporter-output>
            <line>
              <![CDATA[Presence of ProductLable = Products]]>
            </line>
          </reporter-output>
        </test-method> <!-- verifyProductLableTest -->
        <test-method is-config="true" signature="closeBrowser(org.testng.ITestResult)[pri:0, instance:testCases.Inventory_Page_Test@6be968ce]" started-at="2023-12-30T01:21:46 IST" name="closeBrowser" finished-at="2023-12-30T01:21:46 IST" duration-ms="140" status="PASS">
          <params>
            <param index="0">
              <value>
                <![CDATA[[TestResult name=verifyProductLableTest status=SUCCESS method=Inventory_Page_Test.verifyProductLableTest()[pri:3, instance:testCases.Inventory_Page_Test@6be968ce] output=Presence of ProductLable = Products]]]>
              </value>
            </param>
          </params>
          <reporter-output>
          </reporter-output>
        </test-method> <!-- closeBrowser -->
        <test-method is-config="true" signature="setUp()[pri:0, instance:testCases.Inventory_Page_Test@6be968ce]" started-at="2023-12-30T01:21:46 IST" name="setUp" finished-at="2023-12-30T01:21:55 IST" duration-ms="9144" status="PASS">
          <reporter-output>
          </reporter-output>
        </test-method> <!-- setUp -->
        <test-method signature="verifyTwitterLogoTest()[pri:4, instance:testCases.Inventory_Page_Test@6be968ce]" started-at="2023-12-30T01:21:55 IST" name="verifyTwitterLogoTest" finished-at="2023-12-30T01:21:55 IST" duration-ms="78" status="PASS">
          <reporter-output>
            <line>
              <![CDATA[Visibility of TwitterLogo = true]]>
            </line>
          </reporter-output>
        </test-method> <!-- verifyTwitterLogoTest -->
        <test-method is-config="true" signature="closeBrowser(org.testng.ITestResult)[pri:0, instance:testCases.Inventory_Page_Test@6be968ce]" started-at="2023-12-30T01:21:55 IST" name="closeBrowser" finished-at="2023-12-30T01:21:56 IST" duration-ms="168" status="PASS">
          <params>
            <param index="0">
              <value>
                <![CDATA[[TestResult name=verifyTwitterLogoTest status=SUCCESS method=Inventory_Page_Test.verifyTwitterLogoTest()[pri:4, instance:testCases.Inventory_Page_Test@6be968ce] output=Visibility of TwitterLogo = true]]]>
              </value>
            </param>
          </params>
          <reporter-output>
          </reporter-output>
        </test-method> <!-- closeBrowser -->
        <test-method is-config="true" signature="setUp()[pri:0, instance:testCases.Inventory_Page_Test@6be968ce]" started-at="2023-12-30T01:21:56 IST" name="setUp" finished-at="2023-12-30T01:22:03 IST" duration-ms="7293" status="PASS">
          <reporter-output>
          </reporter-output>
        </test-method> <!-- setUp -->
        <test-method signature="verifyFacebookLogoTest()[pri:5, instance:testCases.Inventory_Page_Test@6be968ce]" started-at="2023-12-30T01:22:03 IST" name="verifyFacebookLogoTest" finished-at="2023-12-30T01:22:03 IST" duration-ms="40" status="PASS">
          <reporter-output>
            <line>
              <![CDATA[Visibility of FacebookLogo = true]]>
            </line>
          </reporter-output>
        </test-method> <!-- verifyFacebookLogoTest -->
        <test-method is-config="true" signature="closeBrowser(org.testng.ITestResult)[pri:0, instance:testCases.Inventory_Page_Test@6be968ce]" started-at="2023-12-30T01:22:03 IST" name="closeBrowser" finished-at="2023-12-30T01:22:03 IST" duration-ms="216" status="PASS">
          <params>
            <param index="0">
              <value>
                <![CDATA[[TestResult name=verifyFacebookLogoTest status=SUCCESS method=Inventory_Page_Test.verifyFacebookLogoTest()[pri:5, instance:testCases.Inventory_Page_Test@6be968ce] output=Visibility of FacebookLogo = true]]]>
              </value>
            </param>
          </params>
          <reporter-output>
          </reporter-output>
        </test-method> <!-- closeBrowser -->
        <test-method is-config="true" signature="setUp()[pri:0, instance:testCases.Inventory_Page_Test@6be968ce]" started-at="2023-12-30T01:22:03 IST" name="setUp" finished-at="2023-12-30T01:22:11 IST" duration-ms="8360" status="PASS">
          <reporter-output>
          </reporter-output>
        </test-method> <!-- setUp -->
        <test-method signature="verifyLinkedInLogoTest()[pri:6, instance:testCases.Inventory_Page_Test@6be968ce]" started-at="2023-12-30T01:22:11 IST" name="verifyLinkedInLogoTest" finished-at="2023-12-30T01:22:11 IST" duration-ms="34" status="PASS">
          <reporter-output>
            <line>
              <![CDATA[Visibility of LinkedInLogo = true]]>
            </line>
          </reporter-output>
        </test-method> <!-- verifyLinkedInLogoTest -->
        <test-method is-config="true" signature="closeBrowser(org.testng.ITestResult)[pri:0, instance:testCases.Inventory_Page_Test@6be968ce]" started-at="2023-12-30T01:22:11 IST" name="closeBrowser" finished-at="2023-12-30T01:22:12 IST" duration-ms="194" status="PASS">
          <params>
            <param index="0">
              <value>
                <![CDATA[[TestResult name=verifyLinkedInLogoTest status=SUCCESS method=Inventory_Page_Test.verifyLinkedInLogoTest()[pri:6, instance:testCases.Inventory_Page_Test@6be968ce] output=Visibility of LinkedInLogo = true]]]>
              </value>
            </param>
          </params>
          <reporter-output>
          </reporter-output>
        </test-method> <!-- closeBrowser -->
      </class> <!-- testCases.Inventory_Page_Test -->
    </test> <!-- Sanity_Retesting_Regression -->
  </suite> <!-- Sanity_Retesting_Regression -->
</testng-results>
