<?xml version="1.0" encoding="UTF-8"?>
<!-- Generated by org.testng.reporters.JUnitXMLReporter -->
<testsuite ignored="0" hostname="Priti" failures="0" tests="9" name="Login_Inventory_Test" time="94.382" errors="0" timestamp="2023-12-24T14:15:17 IST">
  <testcase classname="testCases.LoginPageTest" name="loginToApplication" time="1.559"/>
  <testcase classname="testCases.LoginPageTest" name="verifyTitleOfApplication" time="0.085"/>
  <testcase classname="testCases.LoginPageTest" name="verifyURLofApplication" time="0.084"/>
  <testcase classname="testCases.Inventory_Page_Test" name="add6ProductTest" time="2.638"/>
  <testcase classname="testCases.Inventory_Page_Test" name="remove2ProductTest" time="2.468"/>
  <testcase classname="testCases.Inventory_Page_Test" name="verifyFacebookLogoTest" time="0.04"/>
  <testcase classname="testCases.Inventory_Page_Test" name="verifyLinkedInLogoTest" time="0.036"/>
  <testcase classname="testCases.Inventory_Page_Test" name="verifyProductLableTest" time="0.099"/>
  <testcase classname="testCases.Inventory_Page_Test" name="verifyTwitterLogoTest" time="0.032"/>
</testsuite> <!-- Login_Inventory_Test -->
