<?xml version="1.0" encoding="UTF-8"?>
<!-- Generated by org.testng.reporters.JUnitXMLReporter -->
<testsuite ignored="11" hostname="Priti" failures="0" tests="18" name="Sanity_Retesting_Regression" time="244.136" errors="0" timestamp="2023-12-30T01:25:13 IST">
  <testcase classname="testCases.Cart_Page_Test" name="verifyCartPageLableTest" time="1.398"/>
  <testcase classname="testCases.LoginPageTest" name="verifyTitleOfApplicationTest" time="0.09"/>
  <testcase classname="testCases.Inventory_Page_Test" name="verifyProductLableTest" time="0.176"/>
  <testcase classname="testCases.Inventory_Page_Test" name="verifyTwitterLogoTest" time="0.078"/>
  <testcase classname="testCases.Inventory_Page_Test" name="verifyFacebookLogoTest" time="0.04"/>
  <testcase classname="testCases.Inventory_Page_Test" name="verifyLinkedInLogoTest" time="0.034"/>
  <testcase classname="testCases.CheckOutPage_1_Test" name="inputInfoTest" time="0.638"/>
  <testcase classname="testCases.CheckOutPage_1_Test" name="verifyCheckOutPage_1_LableTest" time="0.049"/>
  <testcase classname="testCases.CheckOutPage_2_Test" name="verifyPaymentInformationTest" time="0.102"/>
  <testcase classname="testCases.CheckOutPage_2_Test" name="verifySauceCardTextTest" time="0.053"/>
  <testcase classname="testCases.CheckOutPage_2_Test" name="verifyShippingInformationTextTest" time="0.046"/>
  <testcase classname="testCases.CheckOutPage_2_Test" name="verifyFreePonyExpressTextTest" time="0.033"/>
  <testcase classname="testCases.CheckOutPage_2_Test" name="verifyPriceTotalTextTest" time="0.031"/>
  <testcase classname="testCases.CheckOutPage_2_Test" name="verifyItemTotalTextTest" time="0.016"/>
  <testcase classname="testCases.CheckOutPage_2_Test" name="verifyCheckOutPage_2_LableTest" time="0.027"/>
  <testcase classname="testCases.CheckOutPage_2_Test" name="verifyCheckOutPage_2_LogoTest" time="0.018"/>
  <testcase classname="testCases.CheckOutPage_2_Test" name="verifyTaxTextTest" time="0.049"/>
  <testcase classname="testCases.CheckOutPage_2_Test" name="verifyTotalTextTest" time="0.025"/>
  <testcase classname="testCases.Cart_Page_Test" name="verifyCartPageUrlTest" time="0.0">
    <ignored/>
  </testcase> <!-- verifyCartPageUrlTest -->
  <testcase classname="testCases.Inventory_Page_Test" name="add6ProductTest" time="0.0">
    <ignored/>
  </testcase> <!-- add6ProductTest -->
  <testcase classname="testCases.Inventory_Page_Test" name="remove2ProductTest" time="0.0">
    <ignored/>
  </testcase> <!-- remove2ProductTest -->
  <testcase classname="testCases.CheckOutPage_1_Test" name="clickOnCancelBtn" time="0.0">
    <ignored/>
  </testcase> <!-- clickOnCancelBtn -->
  <testcase classname="testCases.LoginPageTest" name="loginToApplicationTest" time="0.0">
    <ignored/>
  </testcase> <!-- loginToApplicationTest -->
  <testcase classname="testCases.CheckOutPage_1_Test" name="verifyURLTest" time="0.0">
    <ignored/>
  </testcase> <!-- verifyURLTest -->
  <testcase classname="testCases.LoginPageTest" name="verifyURLofApplicationTest" time="0.0">
    <ignored/>
  </testcase> <!-- verifyURLofApplicationTest -->
  <testcase classname="testCases.CheckOutPage_2_Test" name="clickOnCancelBtnTest" time="0.0">
    <ignored/>
  </testcase> <!-- clickOnCancelBtnTest -->
  <testcase classname="testCases.Cart_Page_Test" name="clickOnCheckoutBtnTest" time="0.0">
    <ignored/>
  </testcase> <!-- clickOnCheckoutBtnTest -->
  <testcase classname="testCases.Cart_Page_Test" name="clickOnContinueShoppingBtnTest" time="0.0">
    <ignored/>
  </testcase> <!-- clickOnContinueShoppingBtnTest -->
  <testcase classname="testCases.CheckOutPage_2_Test" name="clickOnFinishBtnTest" time="0.0">
    <ignored/>
  </testcase> <!-- clickOnFinishBtnTest -->
</testsuite> <!-- Sanity_Retesting_Regression -->
